#
# A fatal error has been detected by the Java Runtime Environment:
#
#  EXCEPTION_ACCESS_VIOLATION (0xc0000005) at pc=0x0004070b, pid=3612, tid=3468
#
# JRE version: 6.0_17-b04
# Java VM: Java HotSpot(TM) Client VM (14.3-b01 mixed mode windows-x86 )
# Problematic frame:
# C  0x0004070b
#
# If you would like to submit a bug report, please visit:
#   http://java.sun.com/webapps/bugreport/crash.jsp
# The crash happened outside the Java Virtual Machine in native code.
# See problematic frame for where to report the bug.
#

---------------  T H R E A D  ---------------

Current thread (0x12439800):  JavaThread "XpcMessageLoop" daemon [_thread_in_native, id=3468, stack(0x0bef0000,0x0bf70000)]

siginfo: ExceptionCode=0xc0000005, writing address 0x551fedfc

Registers:
EAX=0x2a8ff6c8, EBX=0x00000000, ECX=0x2722ffff, EDX=0x2a98f01c
ESP=0x0bf6eecc, EBP=0x0bf6eef0, ESI=0x2a98f01c, EDI=0x2a9dcacc
EIP=0x0004070b, EFLAGS=0x00010207

Top of Stack: (sp=0x0bf6eecc)
0x0bf6eecc:   290bcad8 2a8ff6c8 28ecb1ca 2a98f01c
0x0bf6eedc:   0bf6eeec 2a9c3350 80000000 2a98f01c
0x0bf6eeec:   2a8ff6c8 0bf6ef08 28ece336 0bf6ef04
0x0bf6eefc:   2a9c3350 2a9c3350 00000000 0bf6ef48
0x0bf6ef0c:   28ecf427 0bf6ef28 2a9dcacc 2a9dcab8
0x0bf6ef1c:   0bf6ef40 29251a5d 2a9c3350 29337edc
0x0bf6ef2c:   0bf6ef3c 29251ace 2a9c3350 0bf6ef7c
0x0bf6ef3c:   2a9c3350 0bf6ef70 28c5a4c3 0bf6ef70 

Instructions: (pc=0x0004070b)
0x000406fb:   00 6d 00 73 00 76 00 63 00 6d 00 39 00 30 00 2e
0x0004070b:   00 64 00 6c 00 6c 00 00 00 14 00 00 00 02 00 00 


Stack: [0x0bef0000,0x0bf70000],  sp=0x0bf6eecc,  free space=507k
Native frames: (J=compiled Java code, j=interpreted, Vv=VM code, C=native code)
C  0x0004070b
C  0x28ece336
C  0x28ecf427
C  0x28dfddfb
C  0x290f4fdc
C  0x29263fb3
C  0x292a4b26

Java frames: (J=compiled Java code, j=interpreted, Vv=VM code)
J  org.mozilla.xpcom.internal.XPCOMJavaProxy.callXPCOMMethod(Ljava/lang/Object;Ljava/lang/String;[Ljava/lang/Object;)Ljava/lang/Object;
J  org.mozilla.xpcom.internal.XPCOMJavaProxy.invoke(Ljava/lang/Object;Ljava/lang/reflect/Method;[Ljava/lang/Object;)Ljava/lang/Object;
j  $Proxy26.deactivate()V+9
j  com.teamdev.jxbrowser1.a.d$f.run()V+7
j  com.teamdev.xpcom.MozillaRunnable.run()V+9
v  ~StubRoutines::call_stub
j  org.mozilla.xpcom.internal.XPCOMJavaProxy.callXPCOMMethod(Ljava/lang/Object;Ljava/lang/String;[Ljava/lang/Object;)Ljava/lang/Object;+0
j  org.mozilla.xpcom.internal.XPCOMJavaProxy.invoke(Ljava/lang/Object;Ljava/lang/reflect/Method;[Ljava/lang/Object;)Ljava/lang/Object;+161
j  $Proxy21.run()V+9
j  com.teamdev.xpcom.b$a.run()V+71
v  ~StubRoutines::call_stub

---------------  P R O C E S S  ---------------

Java Threads: ( => current thread )
  0x127f8800 JavaThread "SwingWorker-pool-5-thread-42" [_thread_blocked, id=772, stack(0x15d00000,0x15d80000)]
  0x127f7000 JavaThread "SwingWorker-pool-5-thread-41" [_thread_blocked, id=5920, stack(0x15ea0000,0x15f20000)]
  0x1243d800 JavaThread "Prefs Updater" daemon [_thread_blocked, id=5796, stack(0x08960000,0x089e0000)]
  0x1243a400 JavaThread "pool-6-thread-1" [_thread_blocked, id=5792, stack(0x08640000,0x086c0000)]
  0x12439000 JavaThread "Timer-78" [_thread_blocked, id=5780, stack(0x06740000,0x067c0000)]
  0x1243b400 JavaThread "com.jniwrapper.NativeResourceCollector" daemon [_thread_blocked, id=2816, stack(0x16000000,0x16080000)]
=>0x12439800 JavaThread "XpcMessageLoop" daemon [_thread_in_native, id=3468, stack(0x0bef0000,0x0bf70000)]
  0x1243cc00 JavaThread "Timer-3" daemon [_thread_blocked, id=2108, stack(0x261c0000,0x26240000)]
  0x1243bc00 JavaThread "Explorer NavigationContext request queue" [_thread_blocked, id=2096, stack(0x15650000,0x156d0000)]
  0x1243b000 JavaThread "AddressBar directory emptiness poller" [_thread_blocked, id=2188, stack(0x15f20000,0x15fa0000)]
  0x1243a800 JavaThread "Explorer Refresh Service 10116436" [_thread_blocked, id=2828, stack(0x13a30000,0x13ab0000)]
  0x12439c00 JavaThread "Timer-1" daemon [_thread_blocked, id=2716, stack(0x154d0000,0x15550000)]
  0x12438c00 JavaThread "TimerQueue" daemon [_thread_blocked, id=2608, stack(0x138d0000,0x13950000)]
  0x12438400 JavaThread "Thread-5" daemon [_thread_blocked, id=2780, stack(0x13570000,0x135f0000)]
  0x12438000 JavaThread "AWT-EventQueue-0" [_thread_in_native, id=1424, stack(0x10980000,0x10a00000)]
  0x12437800 JavaThread "AWT-Shutdown" [_thread_blocked, id=2760, stack(0x13320000,0x133a0000)]
  0x12437400 JavaThread "FelixPackageAdmin" daemon [_thread_blocked, id=1816, stack(0x13400000,0x13480000)]
  0x12436c00 JavaThread "FelixStartLevel" daemon [_thread_blocked, id=1820, stack(0x0a260000,0x0a2e0000)]
  0x12436800 JavaThread "FelixDispatchQueue" daemon [_thread_blocked, id=2448, stack(0x0ca90000,0x0cb10000)]
  0x12445400 JavaThread "com.google.common.base.internal.Finalizer" daemon [_thread_blocked, id=3792, stack(0x0ff40000,0x0ffc0000)]
  0x1238d000 JavaThread "AWT-Windows" daemon [_thread_in_native, id=3924, stack(0x0fea0000,0x0ff20000)]
  0x123c9000 JavaThread "Java2D Disposer" daemon [_thread_blocked, id=2168, stack(0x08b70000,0x08bf0000)]
  0x11fd7800 JavaThread "Timer-0" [_thread_blocked, id=2788, stack(0x0c9c0000,0x0ca40000)]
  0x11f99800 JavaThread "EventMgr Dispatcher" daemon [_thread_in_native, id=3568, stack(0x068c0000,0x070c0000)]
  0x08154400 JavaThread "Low Memory Detector" daemon [_thread_blocked, id=4036, stack(0x09720000,0x097a0000)]
  0x08150000 JavaThread "CompilerThread0" daemon [_thread_blocked, id=4016, stack(0x10a40000,0x11240000)]
  0x08145400 JavaThread "Attach Listener" daemon [_thread_blocked, id=3976, stack(0x0a1d0000,0x0a250000)]
  0x08113800 JavaThread "Finalizer" daemon [_thread_blocked, id=3168, stack(0x0a080000,0x0a100000)]
  0x0810ec00 JavaThread "Reference Handler" daemon [_thread_blocked, id=3560, stack(0x09ff0000,0x0a070000)]
  0x081ae000 JavaThread "main" [_thread_in_native, id=3628, stack(0x00140000,0x00940000)]

Other Threads:
  0x0810b800 VMThread [stack: 0x10150000,0x10950000] [id=3564]
  0x08165c00 WatcherThread [stack: 0x11320000,0x11b20000] [id=4068]

VM state:not at safepoint (normal execution)

VM Mutex/Monitor currently owned by a thread: None

Heap
 def new generation   total 21440K, used 5318K [0x160a0000, 0x177e0000, 0x180a0000)
  eden space 19072K,  24% used [0x160a0000, 0x1652eee8, 0x17340000)
  from space 2368K,  27% used [0x17590000, 0x17632a78, 0x177e0000)
  to   space 2368K,   0% used [0x17340000, 0x17340000, 0x17590000)
 tenured generation   total 71208K, used 57624K [0x180a0000, 0x1c62a000, 0x1e0a0000)
   the space 71208K,  80% used [0x180a0000, 0x1b8e6330, 0x1b8e6400, 0x1c62a000)
 compacting perm gen  total 47872K, used 47799K [0x1e0a0000, 0x20f60000, 0x240a0000)
   the space 47872K,  99% used [0x1e0a0000, 0x20f4dfc0, 0x20f4e000, 0x20f60000)
No shared spaces configured.

Dynamic libraries:
0x013d0000 - 0x013f7000 	C:\Program Files\MATLAB\R2012b\bin\win32\MATLAB.exe
0x77a00000 - 0x77b3c000 	C:\Windows\SYSTEM32\ntdll.dll
0x75f60000 - 0x76034000 	C:\Windows\system32\kernel32.dll
0x75b00000 - 0x75b4b000 	C:\Windows\system32\KERNELBASE.dll
0x7ef10000 - 0x7ef9c000 	C:\Program Files\MATLAB\R2012b\bin\win32\libut.dll
0x7dce0000 - 0x7dd5a000 	C:\Program Files\MATLAB\R2012b\bin\win32\libmwi18n.dll
0x10000000 - 0x10009000 	C:\Program Files\MATLAB\R2012b\bin\win32\libmwresource_core.dll
0x00a90000 - 0x00b1e000 	C:\Windows\WinSxS\x86_microsoft.vc90.crt_1fc8b3b9a1e18e3b_9.0.30729.6161_none_50934f2ebcb7eb57\MSVCP90.dll
0x71730000 - 0x717d3000 	C:\Windows\WinSxS\x86_microsoft.vc90.crt_1fc8b3b9a1e18e3b_9.0.30729.6161_none_50934f2ebcb7eb57\MSVCR90.dll
0x736b0000 - 0x736d3000 	C:\Program Files\MATLAB\R2012b\bin\win32\boost_filesystem-vc90-mt-1_44.dll
0x73f70000 - 0x73f77000 	C:\Program Files\MATLAB\R2012b\bin\win32\boost_system-vc90-mt-1_44.dll
0x77390000 - 0x77430000 	C:\Windows\system32\ADVAPI32.dll
0x776a0000 - 0x7774c000 	C:\Windows\system32\msvcrt.dll
0x77b50000 - 0x77b69000 	C:\Windows\SYSTEM32\sechost.dll
0x77950000 - 0x779f1000 	C:\Windows\system32\RPCRT4.dll
0x73550000 - 0x7356f000 	C:\Program Files\MATLAB\R2012b\bin\win32\LIBEXPAT.dll
0x72eb0000 - 0x73035000 	C:\Program Files\MATLAB\R2012b\bin\win32\icuin44.dll
0x7ea10000 - 0x7eb2f000 	C:\Program Files\MATLAB\R2012b\bin\win32\icuuc44.dll
0x01400000 - 0x02241000 	C:\Program Files\MATLAB\R2012b\bin\win32\icudt44.dll
0x00b20000 - 0x00c40000 	C:\Program Files\MATLAB\R2012b\bin\win32\libmwfl.dll
0x00c40000 - 0x00f48000 	C:\Program Files\MATLAB\R2012b\bin\win32\libmwMATLAB_res.dll
0x73d00000 - 0x73d0e000 	C:\Program Files\MATLAB\R2012b\bin\win32\boost_date_time-vc90-mt-1_44.dll
0x73c80000 - 0x73c8f000 	C:\Program Files\MATLAB\R2012b\bin\win32\boost_signals-vc90-mt-1_44.dll
0x73d10000 - 0x73d1e000 	C:\Program Files\MATLAB\R2012b\bin\win32\boost_thread-vc90-mt-1_44.dll
0x00f50000 - 0x00fdc000 	C:\Program Files\MATLAB\R2012b\bin\win32\boost_log-vc90-mt-1_44.dll
0x77b40000 - 0x77b45000 	C:\Windows\system32\PSAPI.DLL
0x763c0000 - 0x763f5000 	C:\Windows\system32\WS2_32.dll
0x77bd0000 - 0x77bd6000 	C:\Windows\system32\NSI.dll
0x00ff0000 - 0x01023000 	C:\Program Files\MATLAB\R2012b\bin\win32\tbb.dll
0x77b80000 - 0x77baa000 	C:\Windows\system32\imagehlp.dll
0x73db0000 - 0x73dbf000 	C:\Program Files\MATLAB\R2012b\bin\win32\icuio44.dll
0x01050000 - 0x0113b000 	C:\Windows\system32\dbghelp.dll
0x77750000 - 0x77819000 	C:\Windows\system32\USER32.dll
0x77be0000 - 0x77c2e000 	C:\Windows\system32\GDI32.dll
0x763b0000 - 0x763ba000 	C:\Windows\system32\LPK.dll
0x76310000 - 0x763ad000 	C:\Windows\system32\USP10.dll
0x01140000 - 0x01360000 	C:\Program Files\MATLAB\R2012b\bin\win32\libmwservices.dll
0x7db50000 - 0x7dbe7000 	C:\Program Files\MATLAB\R2012b\bin\win32\libmx.dll
0x01380000 - 0x0139d000 	C:\Program Files\MATLAB\R2012b\bin\win32\tbbmalloc.dll
0x73730000 - 0x73744000 	C:\Program Files\MATLAB\R2012b\bin\win32\zlib1.dll
0x02250000 - 0x02285000 	C:\Program Files\MATLAB\R2012b\bin\win32\libmwregexp.dll
0x02290000 - 0x022aa000 	C:\Program Files\MATLAB\R2012b\bin\win32\libmwmfl_scalar.dll
0x7df40000 - 0x7df79000 	C:\Program Files\MATLAB\R2012b\bin\win32\mpath.dll
0x72990000 - 0x72da0000 	C:\Program Files\MATLAB\R2012b\bin\win32\mlutil.dll
0x7d670000 - 0x7d6ce000 	C:\Program Files\MATLAB\R2012b\bin\win32\xmlcore.dll
0x71cf0000 - 0x71ea2000 	C:\Program Files\MATLAB\R2012b\bin\win32\xerces-c_2_7.dll
0x02300000 - 0x0231b000 	C:\Program Files\MATLAB\R2012b\bin\win32\libmwMATLAB_settings_res.dll
0x02330000 - 0x0233d000 	C:\Program Files\MATLAB\R2012b\bin\win32\boost_iostreams-vc90-mt-1_44.dll
0x02350000 - 0x02389000 	C:\Program Files\MATLAB\R2012b\bin\win32\boost_serialization-vc90-mt-1_44.dll
0x76490000 - 0x770da000 	C:\Windows\system32\SHELL32.dll
0x75f00000 - 0x75f57000 	C:\Windows\system32\SHLWAPI.dll
0x71470000 - 0x714f4000 	C:\Windows\WinSxS\x86_microsoft.windows.common-controls_6595b64144ccf1df_5.82.7601.17514_none_ec83dffa859149af\COMCTL32.dll
0x76290000 - 0x7630b000 	C:\Windows\system32\COMDLG32.dll
0x740a0000 - 0x740b1000 	C:\Windows\system32\NETAPI32.dll
0x74090000 - 0x74099000 	C:\Windows\system32\netutils.dll
0x75700000 - 0x75719000 	C:\Windows\system32\srvcli.dll
0x74080000 - 0x7408f000 	C:\Windows\system32\wkscli.dll
0x75da0000 - 0x75efc000 	C:\Windows\system32\ole32.dll
0x76400000 - 0x7648f000 	C:\Windows\system32\OLEAUT32.dll
0x7f270000 - 0x7f2f7000 	C:\Program Files\MATLAB\R2012b\bin\win32\mcr.dll
0x023b0000 - 0x026b0000 	C:\Program Files\MATLAB\R2012b\bin\win32\iqm.dll
0x7f630000 - 0x7f6af000 	C:\Program Files\MATLAB\R2012b\bin\win32\m_dispatcher.dll
0x7f130000 - 0x7f1ec000 	C:\Program Files\MATLAB\R2012b\bin\win32\boost_regex-vc90-mt-1_44.dll
0x026e0000 - 0x02c21000 	C:\Program Files\MATLAB\R2012b\bin\win32\m_interpreter.dll
0x02c40000 - 0x02c5c000 	C:\Program Files\MATLAB\R2012b\bin\win32\libmex.dll
0x02c70000 - 0x02ccc000 	C:\Program Files\MATLAB\R2012b\bin\win32\profiler.dll
0x02ce0000 - 0x02f0c000 	C:\Program Files\MATLAB\R2012b\bin\win32\libmwmathutil.dll
0x734f0000 - 0x73513000 	C:\Program Files\MATLAB\R2012b\bin\win32\libmwmathrng.dll
0x02f30000 - 0x02f3f000 	C:\Program Files\MATLAB\R2012b\bin\win32\libmwmfl_rng.dll
0x7c390000 - 0x7c428000 	C:\Program Files\MATLAB\R2012b\bin\win32\libmwmathcore.dll
0x7e000000 - 0x7e04b000 	C:\Program Files\MATLAB\R2012b\bin\win32\libmwspmatrix.dll
0x7dbf0000 - 0x7dc3b000 	C:\Program Files\MATLAB\R2012b\bin\win32\libmwcholmod.dll
0x73e70000 - 0x73e7a000 	C:\Program Files\MATLAB\R2012b\bin\win32\libmwamd.dll
0x73e80000 - 0x73e8a000 	C:\Program Files\MATLAB\R2012b\bin\win32\libmwcolamd.dll
0x73dd0000 - 0x73de1000 	C:\Program Files\MATLAB\R2012b\bin\win32\libmwblas.dll
0x73d30000 - 0x73d3d000 	C:\Program Files\MATLAB\R2012b\bin\win32\libmwbinder.dll
0x73ea0000 - 0x73eaa000 	C:\Program Files\MATLAB\R2012b\bin\win32\libmwompwrapper.dll
0x02fd0000 - 0x03009000 	C:\Program Files\MATLAB\R2012b\bin\win32\libmwlapack.dll
0x03020000 - 0x03035000 	C:\Program Files\MATLAB\R2012b\bin\win32\m_pcodeio.dll
0x7e080000 - 0x7e0ca000 	C:\Program Files\MATLAB\R2012b\bin\win32\m_ir.dll
0x03060000 - 0x035b0000 	C:\Program Files\MATLAB\R2012b\bin\win32\m_parser.dll
0x035c0000 - 0x035d2000 	C:\Program Files\MATLAB\R2012b\bin\win32\ir_xfmr.dll
0x035f0000 - 0x0379a000 	C:\Program Files\MATLAB\R2012b\bin\win32\mcos.dll
0x037b0000 - 0x037be000 	C:\Program Files\MATLAB\R2012b\bin\win32\mtok.dll
0x037d0000 - 0x037f4000 	C:\Program Files\MATLAB\R2012b\bin\win32\m_pcodegen.dll
0x7e1c0000 - 0x7e1e9000 	C:\Program Files\MATLAB\R2012b\bin\win32\libmwbridge.dll
0x03820000 - 0x038b3000 	C:\Program Files\MATLAB\R2012b\bin\win32\udd.dll
0x038d0000 - 0x039de000 	C:\Program Files\MATLAB\R2012b\bin\win32\libmwgui.dll
0x039f0000 - 0x03a02000 	C:\Program Files\MATLAB\R2012b\bin\win32\graphics_util.dll
0x03a20000 - 0x040e6000 	C:\Program Files\MATLAB\R2012b\bin\win32\hg.dll
0x04100000 - 0x04144000 	C:\Program Files\MATLAB\R2012b\bin\win32\libmat.dll
0x04160000 - 0x04345000 	C:\Program Files\MATLAB\R2012b\bin\win32\hdf5dll.dll
0x7d9d0000 - 0x7da66000 	C:\Program Files\MATLAB\R2012b\bin\win32\jmi.dll
0x04370000 - 0x0437b000 	C:\Program Files\MATLAB\R2012b\bin\win32\nativejava_services.dll
0x04390000 - 0x043c4000 	C:\Program Files\MATLAB\R2012b\bin\win32\libmwhardcopy.dll
0x043e0000 - 0x04424000 	C:\Program Files\MATLAB\R2012b\bin\win32\libuij.dll
0x04440000 - 0x045f3000 	C:\Program Files\MATLAB\R2012b\bin\win32\hgdatatypes.dll
0x04610000 - 0x046d1000 	C:\Program Files\MATLAB\R2012b\bin\win32\hgutils.dll
0x046f0000 - 0x04778000 	C:\Program Files\MATLAB\R2012b\bin\win32\udd_mi.dll
0x04790000 - 0x047c0000 	C:\Program Files\MATLAB\R2012b\bin\win32\libmwgbtutils.dll
0x047d0000 - 0x047e3000 	C:\Program Files\MATLAB\R2012b\bin\win32\libmwgbt.dll
0x74dc0000 - 0x7505b000 	C:\Program Files\MATLAB\R2012b\bin\win32\uiw.dll
0x04810000 - 0x0481d000 	C:\Program Files\MATLAB\R2012b\bin\win32\uinone.dll
0x04830000 - 0x0484f000 	C:\Program Files\MATLAB\R2012b\bin\win32\libmwnativefiledialogs.dll
0x04860000 - 0x04867000 	C:\Program Files\MATLAB\R2012b\bin\win32\libmwplatform_res.dll
0x71500000 - 0x71512000 	C:\Windows\system32\MPR.dll
0x04880000 - 0x04c1d000 	C:\Windows\WinSxS\x86_microsoft.vc90.mfc_1fc8b3b9a1e18e3b_9.0.30729.6161_none_4bf7e3e2bf9ada4c\mfc90.dll
0x741b0000 - 0x741b5000 	C:\Windows\system32\MSIMG32.dll
0x04c20000 - 0x04c71000 	C:\Windows\system32\WINSPOOL.DRV
0x04c80000 - 0x04c99000 	C:\Program Files\MATLAB\R2012b\bin\win32\mwoles05.DLL
0x04cb0000 - 0x04d05000 	C:\Program Files\MATLAB\R2012b\bin\win32\comcli.dll
0x04d20000 - 0x04d4b000 	C:\Windows\WinSxS\x86_microsoft.vc90.atl_1fc8b3b9a1e18e3b_9.0.30729.6161_none_51cd0a7abbe4e19b\ATL90.DLL
0x04d50000 - 0x04d59000 	C:\Program Files\MATLAB\R2012b\bin\win32\mlautoregister.dll
0x77bb0000 - 0x77bcf000 	C:\Windows\system32\IMM32.DLL
0x775d0000 - 0x7769c000 	C:\Windows\system32\MSCTF.dll
0x74b50000 - 0x74b90000 	C:\Windows\system32\UxTheme.dll
0x74b00000 - 0x74b13000 	C:\Windows\system32\dwmapi.dll
0x75a40000 - 0x75a4b000 	C:\Windows\system32\profapi.dll
0x04f00000 - 0x04f0b000 	C:\Program Files\MATLAB\R2012b\bin\win32\xmlxrcsc.dll
0x759c0000 - 0x759cc000 	C:\Windows\system32\CRYPTBASE.dll
0x745b0000 - 0x7474e000 	C:\Windows\WinSxS\x86_microsoft.windows.common-controls_6595b64144ccf1df_6.0.7601.17514_none_41e6975e2bd6f2b2\comctl32.dll
0x77430000 - 0x775cd000 	C:\Windows\system32\SETUPAPI.dll
0x75ad0000 - 0x75af7000 	C:\Windows\system32\CFGMGR32.dll
0x75ca0000 - 0x75cb2000 	C:\Windows\system32\DEVOBJ.dll
0x76200000 - 0x76283000 	C:\Windows\system32\CLBCatQ.DLL
0x74bb0000 - 0x74ca5000 	C:\Windows\system32\propsys.dll
0x06250000 - 0x06271000 	C:\Windows\system32\ntmarta.dll
0x77340000 - 0x77385000 	C:\Windows\system32\WLDAP32.dll

VM Arguments:
jvm_args: -Xss512k -XX:PermSize=32m -Xms64m -XX:NewRatio=3 -XX:MaxPermSize=96m -Xmx128m -XX:MaxDirectMemorySize=1200000000 -Dsun.java2d.noddraw=true -Dsun.awt.nopixfmt=true -Xshare:off -Xrs -Dsun.awt.disableMixing=true -Djava.library.path=C:\Program Files\MATLAB\R2012b\bin\win32;C:\Program Files\MATLAB\R2012b\sys\jxbrowser\win32\lib vfprintf abort 
java_command: <unknown>
Launcher Type: generic

Environment Variables:
PATH=C:\Python33\;C:\Windows\system32;C:\Windows;C:\Windows\System32\Wbem;C:\Windows\System32\WindowsPowerShell\v1.0\;c:\Program Files\Microsoft SQL Server\110\Tools\Binn\;c:\Program Files\Microsoft SQL Server\110\DTS\Binn\;C:\Program Files\Microsoft\Web Platform Installer\;C:\Program Files\Microsoft ASP.NET\ASP.NET Web Pages\v1.0\;C:\Program Files\MiKTeX 2.9\miktex\bin\;C:\Program Files\Git\cmd;C:\Program Files\Git\bin;C:\Program Files\MATLAB\R2012b\runtime\win32;C:\Program Files\MATLAB\R2012b\bin
USERNAME=Henrique
OS=Windows_NT
PROCESSOR_IDENTIFIER=x86 Family 6 Model 37 Stepping 5, GenuineIntel



---------------  S Y S T E M  ---------------

OS: Windows 7 Build 7601 Service Pack 1

CPU:total 4 (8 cores per cpu, 2 threads per core) family 6 model 37 stepping 5, cmov, cx8, fxsr, mmx, sse, sse2, sse3, ssse3, sse4.1, sse4.2, ht

Memory: 4k page, physical 3063224k(859744k free), swap 4194303k(2259676k free)

vm_info: Java HotSpot(TM) Client VM (14.3-b01) for windows-x86 JRE (1.6.0_17-b04), built on Oct 11 2009 00:52:06 by "java_re" with MS VC++ 7.1

time: Sun Jun 23 00:58:52 2013
elapsed time: 31169 seconds

